{"/Users/manu.jemini/Documents/JS:TS Practice/node-TS/dist/app.js": {"path":"/Users/manu.jemini/Documents/JS:TS Practice/node-TS/dist/app.js","statementMap":{"0":{"start":{"line":2,"column":22},"end":{"line":4,"column":1}},"1":{"start":{"line":3,"column":4},"end":{"line":3,"column":62}},"2":{"start":{"line":5,"column":0},"end":{"line":5,"column":62}},"3":{"start":{"line":6,"column":18},"end":{"line":6,"column":53}},"4":{"start":{"line":7,"column":22},"end":{"line":7,"column":44}},"5":{"start":{"line":8,"column":16},"end":{"line":8,"column":58}},"6":{"start":{"line":9,"column":12},"end":{"line":9,"column":31}},"7":{"start":{"line":10,"column":0},"end":{"line":10,"column":30}},"8":{"start":{"line":11,"column":0},"end":{"line":15,"column":3}},"9":{"start":{"line":12,"column":4},"end":{"line":14,"column":7}},"10":{"start":{"line":16,"column":0},"end":{"line":16,"column":35}},"11":{"start":{"line":17,"column":0},"end":{"line":19,"column":3}},"12":{"start":{"line":18,"column":4},"end":{"line":18,"column":51}},"13":{"start":{"line":20,"column":0},"end":{"line":20,"column":21}}},"fnMap":{"0":{"name":"(anonymous_0)","decl":{"start":{"line":2,"column":56},"end":{"line":2,"column":57}},"loc":{"start":{"line":2,"column":71},"end":{"line":4,"column":1}},"line":2},"1":{"name":"(anonymous_1)","decl":{"start":{"line":11,"column":13},"end":{"line":11,"column":14}},"loc":{"start":{"line":11,"column":33},"end":{"line":15,"column":1}},"line":11},"2":{"name":"(anonymous_2)","decl":{"start":{"line":17,"column":8},"end":{"line":17,"column":9}},"loc":{"start":{"line":17,"column":33},"end":{"line":19,"column":1}},"line":17}},"branchMap":{"0":{"loc":{"start":{"line":2,"column":22},"end":{"line":4,"column":1}},"type":"binary-expr","locations":[{"start":{"line":2,"column":23},"end":{"line":2,"column":27}},{"start":{"line":2,"column":31},"end":{"line":2,"column":51}},{"start":{"line":2,"column":56},"end":{"line":4,"column":1}}],"line":2},"1":{"loc":{"start":{"line":3,"column":11},"end":{"line":3,"column":61}},"type":"cond-expr","locations":[{"start":{"line":3,"column":37},"end":{"line":3,"column":40}},{"start":{"line":3,"column":43},"end":{"line":3,"column":61}}],"line":3},"2":{"loc":{"start":{"line":3,"column":12},"end":{"line":3,"column":33}},"type":"binary-expr","locations":[{"start":{"line":3,"column":12},"end":{"line":3,"column":15}},{"start":{"line":3,"column":19},"end":{"line":3,"column":33}}],"line":3}},"s":{"0":1,"1":2,"2":1,"3":1,"4":1,"5":1,"6":1,"7":1,"8":1,"9":0,"10":1,"11":1,"12":0,"13":1},"f":{"0":2,"1":0,"2":0},"b":{"0":[1,1,1],"1":[1,1],"2":[2,2]},"_coverageSchema":"1a1c01bbd47fc00a2c39e90264f33305004495a9","hash":"2944170744ecf9b17e2cf033e3bf275ab89b92e9"}
,"/Users/manu.jemini/Documents/JS:TS Practice/node-TS/dist/controllers/todos.js": {"path":"/Users/manu.jemini/Documents/JS:TS Practice/node-TS/dist/controllers/todos.js","statementMap":{"0":{"start":{"line":2,"column":16},"end":{"line":10,"column":1}},"1":{"start":{"line":3,"column":28},"end":{"line":3,"column":110}},"2":{"start":{"line":3,"column":91},"end":{"line":3,"column":106}},"3":{"start":{"line":4,"column":4},"end":{"line":9,"column":7}},"4":{"start":{"line":5,"column":36},"end":{"line":5,"column":97}},"5":{"start":{"line":5,"column":42},"end":{"line":5,"column":70}},"6":{"start":{"line":5,"column":85},"end":{"line":5,"column":95}},"7":{"start":{"line":6,"column":35},"end":{"line":6,"column":100}},"8":{"start":{"line":6,"column":41},"end":{"line":6,"column":73}},"9":{"start":{"line":6,"column":88},"end":{"line":6,"column":98}},"10":{"start":{"line":7,"column":32},"end":{"line":7,"column":116}},"11":{"start":{"line":8,"column":8},"end":{"line":8,"column":78}},"12":{"start":{"line":11,"column":0},"end":{"line":11,"column":62}},"13":{"start":{"line":12,"column":0},"end":{"line":12,"column":89}},"14":{"start":{"line":13,"column":15},"end":{"line":13,"column":40}},"15":{"start":{"line":14,"column":19},"end":{"line":26,"column":2}},"16":{"start":{"line":14,"column":39},"end":{"line":26,"column":2}},"17":{"start":{"line":15,"column":4},"end":{"line":25,"column":5}},"18":{"start":{"line":16,"column":21},"end":{"line":16,"column":34}},"19":{"start":{"line":17,"column":8},"end":{"line":18,"column":69}},"20":{"start":{"line":18,"column":12},"end":{"line":18,"column":69}},"21":{"start":{"line":19,"column":21},"end":{"line":19,"column":106}},"22":{"start":{"line":20,"column":25},"end":{"line":20,"column":65}},"23":{"start":{"line":21,"column":8},"end":{"line":21,"column":94}},"24":{"start":{"line":24,"column":8},"end":{"line":24,"column":73}},"25":{"start":{"line":27,"column":0},"end":{"line":27,"column":32}},"26":{"start":{"line":28,"column":17},"end":{"line":38,"column":2}},"27":{"start":{"line":28,"column":37},"end":{"line":38,"column":2}},"28":{"start":{"line":29,"column":4},"end":{"line":37,"column":5}},"29":{"start":{"line":30,"column":25},"end":{"line":30,"column":52}},"30":{"start":{"line":31,"column":8},"end":{"line":32,"column":61}},"31":{"start":{"line":32,"column":12},"end":{"line":32,"column":61}},"32":{"start":{"line":33,"column":8},"end":{"line":33,"column":55}},"33":{"start":{"line":36,"column":8},"end":{"line":36,"column":73}},"34":{"start":{"line":39,"column":0},"end":{"line":39,"column":28}},"35":{"start":{"line":40,"column":19},"end":{"line":55,"column":2}},"36":{"start":{"line":40,"column":39},"end":{"line":55,"column":2}},"37":{"start":{"line":41,"column":4},"end":{"line":54,"column":5}},"38":{"start":{"line":42,"column":8},"end":{"line":43,"column":75}},"39":{"start":{"line":43,"column":12},"end":{"line":43,"column":75}},"40":{"start":{"line":44,"column":23},"end":{"line":44,"column":36}},"41":{"start":{"line":45,"column":28},"end":{"line":45,"column":41}},"42":{"start":{"line":46,"column":21},"end":{"line":46,"column":106}},"43":{"start":{"line":47,"column":27},"end":{"line":47,"column":82}},"44":{"start":{"line":48,"column":8},"end":{"line":49,"column":67}},"45":{"start":{"line":49,"column":12},"end":{"line":49,"column":67}},"46":{"start":{"line":50,"column":8},"end":{"line":50,"column":84}},"47":{"start":{"line":53,"column":8},"end":{"line":53,"column":73}},"48":{"start":{"line":56,"column":0},"end":{"line":56,"column":32}},"49":{"start":{"line":57,"column":19},"end":{"line":70,"column":2}},"50":{"start":{"line":57,"column":39},"end":{"line":70,"column":2}},"51":{"start":{"line":58,"column":4},"end":{"line":69,"column":5}},"52":{"start":{"line":59,"column":8},"end":{"line":60,"column":75}},"53":{"start":{"line":60,"column":12},"end":{"line":60,"column":75}},"54":{"start":{"line":61,"column":23},"end":{"line":61,"column":36}},"55":{"start":{"line":62,"column":27},"end":{"line":62,"column":63}},"56":{"start":{"line":63,"column":8},"end":{"line":64,"column":67}},"57":{"start":{"line":64,"column":12},"end":{"line":64,"column":67}},"58":{"start":{"line":65,"column":8},"end":{"line":65,"column":59}},"59":{"start":{"line":68,"column":8},"end":{"line":68,"column":73}},"60":{"start":{"line":71,"column":0},"end":{"line":71,"column":32}}},"fnMap":{"0":{"name":"(anonymous_0)","decl":{"start":{"line":2,"column":44},"end":{"line":2,"column":45}},"loc":{"start":{"line":2,"column":89},"end":{"line":10,"column":1}},"line":2},"1":{"name":"adopt","decl":{"start":{"line":3,"column":13},"end":{"line":3,"column":18}},"loc":{"start":{"line":3,"column":26},"end":{"line":3,"column":112}},"line":3},"2":{"name":"(anonymous_2)","decl":{"start":{"line":3,"column":70},"end":{"line":3,"column":71}},"loc":{"start":{"line":3,"column":89},"end":{"line":3,"column":108}},"line":3},"3":{"name":"(anonymous_3)","decl":{"start":{"line":4,"column":36},"end":{"line":4,"column":37}},"loc":{"start":{"line":4,"column":63},"end":{"line":9,"column":5}},"line":4},"4":{"name":"fulfilled","decl":{"start":{"line":5,"column":17},"end":{"line":5,"column":26}},"loc":{"start":{"line":5,"column":34},"end":{"line":5,"column":99}},"line":5},"5":{"name":"rejected","decl":{"start":{"line":6,"column":17},"end":{"line":6,"column":25}},"loc":{"start":{"line":6,"column":33},"end":{"line":6,"column":102}},"line":6},"6":{"name":"step","decl":{"start":{"line":7,"column":17},"end":{"line":7,"column":21}},"loc":{"start":{"line":7,"column":30},"end":{"line":7,"column":118}},"line":7},"7":{"name":"(anonymous_7)","decl":{"start":{"line":14,"column":19},"end":{"line":14,"column":20}},"loc":{"start":{"line":14,"column":39},"end":{"line":26,"column":2}},"line":14},"8":{"name":"(anonymous_8)","decl":{"start":{"line":14,"column":73},"end":{"line":14,"column":74}},"loc":{"start":{"line":14,"column":86},"end":{"line":26,"column":1}},"line":14},"9":{"name":"(anonymous_9)","decl":{"start":{"line":28,"column":17},"end":{"line":28,"column":18}},"loc":{"start":{"line":28,"column":37},"end":{"line":38,"column":2}},"line":28},"10":{"name":"(anonymous_10)","decl":{"start":{"line":28,"column":71},"end":{"line":28,"column":72}},"loc":{"start":{"line":28,"column":84},"end":{"line":38,"column":1}},"line":28},"11":{"name":"(anonymous_11)","decl":{"start":{"line":40,"column":19},"end":{"line":40,"column":20}},"loc":{"start":{"line":40,"column":39},"end":{"line":55,"column":2}},"line":40},"12":{"name":"(anonymous_12)","decl":{"start":{"line":40,"column":73},"end":{"line":40,"column":74}},"loc":{"start":{"line":40,"column":86},"end":{"line":55,"column":1}},"line":40},"13":{"name":"(anonymous_13)","decl":{"start":{"line":57,"column":19},"end":{"line":57,"column":20}},"loc":{"start":{"line":57,"column":39},"end":{"line":70,"column":2}},"line":57},"14":{"name":"(anonymous_14)","decl":{"start":{"line":57,"column":73},"end":{"line":57,"column":74}},"loc":{"start":{"line":57,"column":86},"end":{"line":70,"column":1}},"line":57}},"branchMap":{"0":{"loc":{"start":{"line":2,"column":16},"end":{"line":10,"column":1}},"type":"binary-expr","locations":[{"start":{"line":2,"column":17},"end":{"line":2,"column":21}},{"start":{"line":2,"column":25},"end":{"line":2,"column":39}},{"start":{"line":2,"column":44},"end":{"line":10,"column":1}}],"line":2},"1":{"loc":{"start":{"line":3,"column":35},"end":{"line":3,"column":109}},"type":"cond-expr","locations":[{"start":{"line":3,"column":56},"end":{"line":3,"column":61}},{"start":{"line":3,"column":64},"end":{"line":3,"column":109}}],"line":3},"2":{"loc":{"start":{"line":4,"column":16},"end":{"line":4,"column":34}},"type":"binary-expr","locations":[{"start":{"line":4,"column":16},"end":{"line":4,"column":17}},{"start":{"line":4,"column":22},"end":{"line":4,"column":33}}],"line":4},"3":{"loc":{"start":{"line":7,"column":32},"end":{"line":7,"column":115}},"type":"cond-expr","locations":[{"start":{"line":7,"column":46},"end":{"line":7,"column":67}},{"start":{"line":7,"column":70},"end":{"line":7,"column":115}}],"line":7},"4":{"loc":{"start":{"line":8,"column":51},"end":{"line":8,"column":67}},"type":"binary-expr","locations":[{"start":{"line":8,"column":51},"end":{"line":8,"column":61}},{"start":{"line":8,"column":65},"end":{"line":8,"column":67}}],"line":8},"5":{"loc":{"start":{"line":17,"column":8},"end":{"line":18,"column":69}},"type":"if","locations":[{"start":{"line":17,"column":8},"end":{"line":18,"column":69}},{"start":{"line":17,"column":8},"end":{"line":18,"column":69}}],"line":17},"6":{"loc":{"start":{"line":24,"column":19},"end":{"line":24,"column":38}},"type":"binary-expr","locations":[{"start":{"line":24,"column":19},"end":{"line":24,"column":31}},{"start":{"line":24,"column":35},"end":{"line":24,"column":38}}],"line":24},"7":{"loc":{"start":{"line":31,"column":8},"end":{"line":32,"column":61}},"type":"if","locations":[{"start":{"line":31,"column":8},"end":{"line":32,"column":61}},{"start":{"line":31,"column":8},"end":{"line":32,"column":61}}],"line":31},"8":{"loc":{"start":{"line":36,"column":19},"end":{"line":36,"column":38}},"type":"binary-expr","locations":[{"start":{"line":36,"column":19},"end":{"line":36,"column":31}},{"start":{"line":36,"column":35},"end":{"line":36,"column":38}}],"line":36},"9":{"loc":{"start":{"line":42,"column":8},"end":{"line":43,"column":75}},"type":"if","locations":[{"start":{"line":42,"column":8},"end":{"line":43,"column":75}},{"start":{"line":42,"column":8},"end":{"line":43,"column":75}}],"line":42},"10":{"loc":{"start":{"line":42,"column":12},"end":{"line":42,"column":69}},"type":"binary-expr","locations":[{"start":{"line":42,"column":12},"end":{"line":42,"column":26}},{"start":{"line":42,"column":30},"end":{"line":42,"column":44}},{"start":{"line":42,"column":48},"end":{"line":42,"column":69}}],"line":42},"11":{"loc":{"start":{"line":48,"column":8},"end":{"line":49,"column":67}},"type":"if","locations":[{"start":{"line":48,"column":8},"end":{"line":49,"column":67}},{"start":{"line":48,"column":8},"end":{"line":49,"column":67}}],"line":48},"12":{"loc":{"start":{"line":53,"column":19},"end":{"line":53,"column":38}},"type":"binary-expr","locations":[{"start":{"line":53,"column":19},"end":{"line":53,"column":31}},{"start":{"line":53,"column":35},"end":{"line":53,"column":38}}],"line":53},"13":{"loc":{"start":{"line":59,"column":8},"end":{"line":60,"column":75}},"type":"if","locations":[{"start":{"line":59,"column":8},"end":{"line":60,"column":75}},{"start":{"line":59,"column":8},"end":{"line":60,"column":75}}],"line":59},"14":{"loc":{"start":{"line":63,"column":8},"end":{"line":64,"column":67}},"type":"if","locations":[{"start":{"line":63,"column":8},"end":{"line":64,"column":67}},{"start":{"line":63,"column":8},"end":{"line":64,"column":67}}],"line":63},"15":{"loc":{"start":{"line":68,"column":19},"end":{"line":68,"column":38}},"type":"binary-expr","locations":[{"start":{"line":68,"column":19},"end":{"line":68,"column":31}},{"start":{"line":68,"column":35},"end":{"line":68,"column":38}}],"line":68}},"s":{"0":2,"1":17,"2":11,"3":24,"4":17,"5":17,"6":0,"7":0,"8":0,"9":0,"10":41,"11":24,"12":2,"13":2,"14":2,"15":2,"16":9,"17":9,"18":9,"19":9,"20":2,"21":5,"22":5,"23":5,"24":4,"25":2,"26":2,"27":4,"28":4,"29":4,"30":4,"31":1,"32":3,"33":1,"34":2,"35":2,"36":6,"37":6,"38":6,"39":2,"40":4,"41":4,"42":4,"43":4,"44":4,"45":2,"46":2,"47":4,"48":2,"49":2,"50":5,"51":5,"52":5,"53":1,"54":4,"55":4,"56":4,"57":2,"58":2,"59":3,"60":2},"f":{"0":24,"1":17,"2":11,"3":24,"4":17,"5":0,"6":41,"7":9,"8":9,"9":4,"10":4,"11":6,"12":6,"13":5,"14":5},"b":{"0":[2,2,2],"1":[6,11],"2":[24,24],"3":[24,17],"4":[24,24],"5":[2,5],"6":[4,2],"7":[1,3],"8":[1,0],"9":[2,4],"10":[6,5,4],"11":[2,2],"12":[4,0],"13":[1,4],"14":[2,2],"15":[3,0]},"_coverageSchema":"1a1c01bbd47fc00a2c39e90264f33305004495a9","hash":"8d1ae299d8e50b673e22c4f92391f9158ad36b7a"}
,"/Users/manu.jemini/Documents/JS:TS Practice/node-TS/dist/db/db.js": {"path":"/Users/manu.jemini/Documents/JS:TS Practice/node-TS/dist/db/db.js","statementMap":{"0":{"start":{"line":2,"column":0},"end":{"line":2,"column":62}},"1":{"start":{"line":3,"column":0},"end":{"line":3,"column":36}},"2":{"start":{"line":4,"column":13},"end":{"line":4,"column":26}},"3":{"start":{"line":7,"column":8},"end":{"line":16,"column":11}},"4":{"start":{"line":19,"column":8},"end":{"line":19,"column":25}},"5":{"start":{"line":22,"column":8},"end":{"line":27,"column":11}},"6":{"start":{"line":23,"column":12},"end":{"line":25,"column":13}},"7":{"start":{"line":24,"column":16},"end":{"line":24,"column":74}},"8":{"start":{"line":26,"column":12},"end":{"line":26,"column":45}},"9":{"start":{"line":30,"column":0},"end":{"line":30,"column":48}}},"fnMap":{"0":{"name":"(anonymous_0)","decl":{"start":{"line":6,"column":4},"end":{"line":6,"column":5}},"loc":{"start":{"line":6,"column":18},"end":{"line":17,"column":5}},"line":6},"1":{"name":"(anonymous_1)","decl":{"start":{"line":18,"column":4},"end":{"line":18,"column":5}},"loc":{"start":{"line":18,"column":20},"end":{"line":20,"column":5}},"line":18},"2":{"name":"(anonymous_2)","decl":{"start":{"line":21,"column":4},"end":{"line":21,"column":5}},"loc":{"start":{"line":21,"column":14},"end":{"line":28,"column":5}},"line":21},"3":{"name":"(anonymous_3)","decl":{"start":{"line":22,"column":26},"end":{"line":22,"column":27}},"loc":{"start":{"line":22,"column":52},"end":{"line":27,"column":9}},"line":22}},"branchMap":{"0":{"loc":{"start":{"line":23,"column":12},"end":{"line":25,"column":13}},"type":"if","locations":[{"start":{"line":23,"column":12},"end":{"line":25,"column":13}},{"start":{"line":23,"column":12},"end":{"line":25,"column":13}}],"line":23}},"s":{"0":2,"1":2,"2":2,"3":2,"4":2,"5":0,"6":0,"7":0,"8":0,"9":2},"f":{"0":2,"1":2,"2":0,"3":0},"b":{"0":[0,0]},"_coverageSchema":"1a1c01bbd47fc00a2c39e90264f33305004495a9","hash":"d05e0057dd4d5a24a9de2f24532f0d4b0efe9f45"}
,"/Users/manu.jemini/Documents/JS:TS Practice/node-TS/dist/models/todo.js": {"path":"/Users/manu.jemini/Documents/JS:TS Practice/node-TS/dist/models/todo.js","statementMap":{"0":{"start":{"line":2,"column":16},"end":{"line":10,"column":1}},"1":{"start":{"line":3,"column":28},"end":{"line":3,"column":110}},"2":{"start":{"line":3,"column":91},"end":{"line":3,"column":106}},"3":{"start":{"line":4,"column":4},"end":{"line":9,"column":7}},"4":{"start":{"line":5,"column":36},"end":{"line":5,"column":97}},"5":{"start":{"line":5,"column":42},"end":{"line":5,"column":70}},"6":{"start":{"line":5,"column":85},"end":{"line":5,"column":95}},"7":{"start":{"line":6,"column":35},"end":{"line":6,"column":100}},"8":{"start":{"line":6,"column":41},"end":{"line":6,"column":73}},"9":{"start":{"line":6,"column":88},"end":{"line":6,"column":98}},"10":{"start":{"line":7,"column":32},"end":{"line":7,"column":116}},"11":{"start":{"line":8,"column":8},"end":{"line":8,"column":78}},"12":{"start":{"line":11,"column":0},"end":{"line":11,"column":62}},"13":{"start":{"line":12,"column":0},"end":{"line":12,"column":108}},"14":{"start":{"line":13,"column":13},"end":{"line":13,"column":32}},"15":{"start":{"line":14,"column":21},"end":{"line":14,"column":48}},"16":{"start":{"line":15,"column":21},"end":{"line":15,"column":49}},"17":{"start":{"line":16,"column":24},"end":{"line":18,"column":2}},"18":{"start":{"line":16,"column":40},"end":{"line":18,"column":2}},"19":{"start":{"line":17,"column":4},"end":{"line":17,"column":110}},"20":{"start":{"line":19,"column":0},"end":{"line":19,"column":42}},"21":{"start":{"line":20,"column":21},"end":{"line":22,"column":2}},"22":{"start":{"line":20,"column":27},"end":{"line":22,"column":2}},"23":{"start":{"line":21,"column":4},"end":{"line":21,"column":72}},"24":{"start":{"line":23,"column":0},"end":{"line":23,"column":36}},"25":{"start":{"line":24,"column":24},"end":{"line":26,"column":2}},"26":{"start":{"line":24,"column":48},"end":{"line":26,"column":2}},"27":{"start":{"line":25,"column":4},"end":{"line":25,"column":126}},"28":{"start":{"line":27,"column":0},"end":{"line":27,"column":42}},"29":{"start":{"line":28,"column":24},"end":{"line":30,"column":2}},"30":{"start":{"line":28,"column":36},"end":{"line":30,"column":2}},"31":{"start":{"line":29,"column":4},"end":{"line":29,"column":82}},"32":{"start":{"line":31,"column":0},"end":{"line":31,"column":42}}},"fnMap":{"0":{"name":"(anonymous_0)","decl":{"start":{"line":2,"column":44},"end":{"line":2,"column":45}},"loc":{"start":{"line":2,"column":89},"end":{"line":10,"column":1}},"line":2},"1":{"name":"adopt","decl":{"start":{"line":3,"column":13},"end":{"line":3,"column":18}},"loc":{"start":{"line":3,"column":26},"end":{"line":3,"column":112}},"line":3},"2":{"name":"(anonymous_2)","decl":{"start":{"line":3,"column":70},"end":{"line":3,"column":71}},"loc":{"start":{"line":3,"column":89},"end":{"line":3,"column":108}},"line":3},"3":{"name":"(anonymous_3)","decl":{"start":{"line":4,"column":36},"end":{"line":4,"column":37}},"loc":{"start":{"line":4,"column":63},"end":{"line":9,"column":5}},"line":4},"4":{"name":"fulfilled","decl":{"start":{"line":5,"column":17},"end":{"line":5,"column":26}},"loc":{"start":{"line":5,"column":34},"end":{"line":5,"column":99}},"line":5},"5":{"name":"rejected","decl":{"start":{"line":6,"column":17},"end":{"line":6,"column":25}},"loc":{"start":{"line":6,"column":33},"end":{"line":6,"column":102}},"line":6},"6":{"name":"step","decl":{"start":{"line":7,"column":17},"end":{"line":7,"column":21}},"loc":{"start":{"line":7,"column":30},"end":{"line":7,"column":118}},"line":7},"7":{"name":"(anonymous_7)","decl":{"start":{"line":16,"column":24},"end":{"line":16,"column":25}},"loc":{"start":{"line":16,"column":40},"end":{"line":18,"column":2}},"line":16},"8":{"name":"(anonymous_8)","decl":{"start":{"line":16,"column":74},"end":{"line":16,"column":75}},"loc":{"start":{"line":16,"column":87},"end":{"line":18,"column":1}},"line":16},"9":{"name":"(anonymous_9)","decl":{"start":{"line":20,"column":21},"end":{"line":20,"column":22}},"loc":{"start":{"line":20,"column":27},"end":{"line":22,"column":2}},"line":20},"10":{"name":"(anonymous_10)","decl":{"start":{"line":20,"column":61},"end":{"line":20,"column":62}},"loc":{"start":{"line":20,"column":74},"end":{"line":22,"column":1}},"line":20},"11":{"name":"(anonymous_11)","decl":{"start":{"line":24,"column":24},"end":{"line":24,"column":25}},"loc":{"start":{"line":24,"column":48},"end":{"line":26,"column":2}},"line":24},"12":{"name":"(anonymous_12)","decl":{"start":{"line":24,"column":82},"end":{"line":24,"column":83}},"loc":{"start":{"line":24,"column":95},"end":{"line":26,"column":1}},"line":24},"13":{"name":"(anonymous_13)","decl":{"start":{"line":28,"column":24},"end":{"line":28,"column":25}},"loc":{"start":{"line":28,"column":36},"end":{"line":30,"column":2}},"line":28},"14":{"name":"(anonymous_14)","decl":{"start":{"line":28,"column":70},"end":{"line":28,"column":71}},"loc":{"start":{"line":28,"column":83},"end":{"line":30,"column":1}},"line":28}},"branchMap":{"0":{"loc":{"start":{"line":2,"column":16},"end":{"line":10,"column":1}},"type":"binary-expr","locations":[{"start":{"line":2,"column":17},"end":{"line":2,"column":21}},{"start":{"line":2,"column":25},"end":{"line":2,"column":39}},{"start":{"line":2,"column":44},"end":{"line":10,"column":1}}],"line":2},"1":{"loc":{"start":{"line":3,"column":35},"end":{"line":3,"column":109}},"type":"cond-expr","locations":[{"start":{"line":3,"column":56},"end":{"line":3,"column":61}},{"start":{"line":3,"column":64},"end":{"line":3,"column":109}}],"line":3},"2":{"loc":{"start":{"line":4,"column":16},"end":{"line":4,"column":34}},"type":"binary-expr","locations":[{"start":{"line":4,"column":16},"end":{"line":4,"column":17}},{"start":{"line":4,"column":22},"end":{"line":4,"column":33}}],"line":4},"3":{"loc":{"start":{"line":7,"column":32},"end":{"line":7,"column":115}},"type":"cond-expr","locations":[{"start":{"line":7,"column":46},"end":{"line":7,"column":67}},{"start":{"line":7,"column":70},"end":{"line":7,"column":115}}],"line":7},"4":{"loc":{"start":{"line":8,"column":51},"end":{"line":8,"column":67}},"type":"binary-expr","locations":[{"start":{"line":8,"column":51},"end":{"line":8,"column":61}},{"start":{"line":8,"column":65},"end":{"line":8,"column":67}}],"line":8}},"s":{"0":2,"1":6,"2":0,"3":6,"4":6,"5":6,"6":0,"7":0,"8":0,"9":0,"10":12,"11":6,"12":2,"13":2,"14":2,"15":2,"16":2,"17":2,"18":1,"19":1,"20":2,"21":2,"22":1,"23":1,"24":2,"25":2,"26":2,"27":2,"28":2,"29":2,"30":2,"31":2,"32":2},"f":{"0":6,"1":6,"2":0,"3":6,"4":6,"5":0,"6":12,"7":1,"8":1,"9":1,"10":1,"11":2,"12":2,"13":2,"14":2},"b":{"0":[2,2,2],"1":[6,0],"2":[6,6],"3":[6,6],"4":[6,6]},"_coverageSchema":"1a1c01bbd47fc00a2c39e90264f33305004495a9","hash":"1a15fa4b6ab63a16fcfc039fb60c95cf6ea68884"}
,"/Users/manu.jemini/Documents/JS:TS Practice/node-TS/dist/routes/todos.js": {"path":"/Users/manu.jemini/Documents/JS:TS Practice/node-TS/dist/routes/todos.js","statementMap":{"0":{"start":{"line":2,"column":0},"end":{"line":2,"column":62}},"1":{"start":{"line":3,"column":18},"end":{"line":3,"column":36}},"2":{"start":{"line":4,"column":16},"end":{"line":4,"column":47}},"3":{"start":{"line":5,"column":15},"end":{"line":5,"column":33}},"4":{"start":{"line":6,"column":0},"end":{"line":6,"column":37}},"5":{"start":{"line":7,"column":0},"end":{"line":7,"column":34}},"6":{"start":{"line":8,"column":0},"end":{"line":8,"column":41}},"7":{"start":{"line":9,"column":0},"end":{"line":9,"column":42}},"8":{"start":{"line":10,"column":0},"end":{"line":10,"column":25}}},"fnMap":{},"branchMap":{},"s":{"0":1,"1":1,"2":1,"3":1,"4":1,"5":1,"6":1,"7":1,"8":1},"f":{},"b":{},"_coverageSchema":"1a1c01bbd47fc00a2c39e90264f33305004495a9","hash":"83a37591d7c008dc07c8df9b1ccbec335b6bf651"}
}
