TN:
SF:dist/app.js
FN:2,(anonymous_0)
FN:11,(anonymous_1)
FN:17,(anonymous_2)
FNF:3
FNH:1
FNDA:2,(anonymous_0)
FNDA:0,(anonymous_1)
FNDA:0,(anonymous_2)
DA:2,1
DA:3,2
DA:5,1
DA:6,1
DA:7,1
DA:8,1
DA:9,1
DA:10,1
DA:11,1
DA:12,0
DA:16,1
DA:17,1
DA:18,0
DA:20,1
LF:14
LH:12
BRDA:2,0,0,1
BRDA:2,0,1,1
BRDA:2,0,2,1
BRDA:3,1,0,1
BRDA:3,1,1,1
BRDA:3,2,0,2
BRDA:3,2,1,2
BRF:7
BRH:7
end_of_record
TN:
SF:dist/controllers/todos.js
FN:2,(anonymous_0)
FN:3,adopt
FN:3,(anonymous_2)
FN:4,(anonymous_3)
FN:5,fulfilled
FN:6,rejected
FN:7,step
FN:14,(anonymous_7)
FN:14,(anonymous_8)
FN:28,(anonymous_9)
FN:28,(anonymous_10)
FN:40,(anonymous_11)
FN:40,(anonymous_12)
FN:57,(anonymous_13)
FN:57,(anonymous_14)
FNF:15
FNH:14
FNDA:24,(anonymous_0)
FNDA:17,adopt
FNDA:11,(anonymous_2)
FNDA:24,(anonymous_3)
FNDA:17,fulfilled
FNDA:0,rejected
FNDA:41,step
FNDA:9,(anonymous_7)
FNDA:9,(anonymous_8)
FNDA:4,(anonymous_9)
FNDA:4,(anonymous_10)
FNDA:6,(anonymous_11)
FNDA:6,(anonymous_12)
FNDA:5,(anonymous_13)
FNDA:5,(anonymous_14)
DA:2,2
DA:3,17
DA:4,24
DA:5,17
DA:6,0
DA:7,41
DA:8,24
DA:11,2
DA:12,2
DA:13,2
DA:14,9
DA:15,9
DA:16,9
DA:17,9
DA:18,2
DA:19,5
DA:20,5
DA:21,5
DA:24,4
DA:27,2
DA:28,4
DA:29,4
DA:30,4
DA:31,4
DA:32,1
DA:33,3
DA:36,1
DA:39,2
DA:40,6
DA:41,6
DA:42,6
DA:43,2
DA:44,4
DA:45,4
DA:46,4
DA:47,4
DA:48,4
DA:49,2
DA:50,2
DA:53,4
DA:56,2
DA:57,5
DA:58,5
DA:59,5
DA:60,1
DA:61,4
DA:62,4
DA:63,4
DA:64,2
DA:65,2
DA:68,3
DA:71,2
LF:52
LH:51
BRDA:2,0,0,2
BRDA:2,0,1,2
BRDA:2,0,2,2
BRDA:3,1,0,6
BRDA:3,1,1,11
BRDA:4,2,0,24
BRDA:4,2,1,24
BRDA:7,3,0,24
BRDA:7,3,1,17
BRDA:8,4,0,24
BRDA:8,4,1,24
BRDA:17,5,0,2
BRDA:17,5,1,5
BRDA:24,6,0,4
BRDA:24,6,1,2
BRDA:31,7,0,1
BRDA:31,7,1,3
BRDA:36,8,0,1
BRDA:36,8,1,0
BRDA:42,9,0,2
BRDA:42,9,1,4
BRDA:42,10,0,6
BRDA:42,10,1,5
BRDA:42,10,2,4
BRDA:48,11,0,2
BRDA:48,11,1,2
BRDA:53,12,0,4
BRDA:53,12,1,0
BRDA:59,13,0,1
BRDA:59,13,1,4
BRDA:63,14,0,2
BRDA:63,14,1,2
BRDA:68,15,0,3
BRDA:68,15,1,0
BRF:34
BRH:31
end_of_record
TN:
SF:dist/db/db.js
FN:6,(anonymous_0)
FN:18,(anonymous_1)
FN:21,(anonymous_2)
FN:22,(anonymous_3)
FNF:4
FNH:2
FNDA:2,(anonymous_0)
FNDA:2,(anonymous_1)
FNDA:0,(anonymous_2)
FNDA:0,(anonymous_3)
DA:2,2
DA:3,2
DA:4,2
DA:7,2
DA:19,2
DA:22,0
DA:23,0
DA:24,0
DA:26,0
DA:30,2
LF:10
LH:6
BRDA:23,0,0,0
BRDA:23,0,1,0
BRF:2
BRH:0
end_of_record
TN:
SF:dist/models/todo.js
FN:2,(anonymous_0)
FN:3,adopt
FN:3,(anonymous_2)
FN:4,(anonymous_3)
FN:5,fulfilled
FN:6,rejected
FN:7,step
FN:16,(anonymous_7)
FN:16,(anonymous_8)
FN:20,(anonymous_9)
FN:20,(anonymous_10)
FN:24,(anonymous_11)
FN:24,(anonymous_12)
FN:28,(anonymous_13)
FN:28,(anonymous_14)
FNF:15
FNH:13
FNDA:6,(anonymous_0)
FNDA:6,adopt
FNDA:0,(anonymous_2)
FNDA:6,(anonymous_3)
FNDA:6,fulfilled
FNDA:0,rejected
FNDA:12,step
FNDA:1,(anonymous_7)
FNDA:1,(anonymous_8)
FNDA:1,(anonymous_9)
FNDA:1,(anonymous_10)
FNDA:2,(anonymous_11)
FNDA:2,(anonymous_12)
FNDA:2,(anonymous_13)
FNDA:2,(anonymous_14)
DA:2,2
DA:3,6
DA:4,6
DA:5,6
DA:6,0
DA:7,12
DA:8,6
DA:11,2
DA:12,2
DA:13,2
DA:14,2
DA:15,2
DA:16,2
DA:17,1
DA:19,2
DA:20,2
DA:21,1
DA:23,2
DA:24,2
DA:25,2
DA:27,2
DA:28,2
DA:29,2
DA:31,2
LF:24
LH:23
BRDA:2,0,0,2
BRDA:2,0,1,2
BRDA:2,0,2,2
BRDA:3,1,0,6
BRDA:3,1,1,0
BRDA:4,2,0,6
BRDA:4,2,1,6
BRDA:7,3,0,6
BRDA:7,3,1,6
BRDA:8,4,0,6
BRDA:8,4,1,6
BRF:11
BRH:10
end_of_record
TN:
SF:dist/routes/todos.js
FNF:0
FNH:0
DA:2,1
DA:3,1
DA:4,1
DA:5,1
DA:6,1
DA:7,1
DA:8,1
DA:9,1
DA:10,1
LF:9
LH:9
BRF:0
BRH:0
end_of_record
